TN:
SF:src/index.ts
FN:2,(anonymous_4)
FN:5,(anonymous_5)
FN:6,(anonymous_6)
FN:7,(anonymous_7)
FN:8,(anonymous_8)
FN:23,(anonymous_9)
FNF:6
FNH:0
FNDA:0,(anonymous_4)
FNDA:0,(anonymous_5)
FNDA:0,(anonymous_6)
FNDA:0,(anonymous_7)
FNDA:0,(anonymous_8)
FNDA:0,(anonymous_9)
DA:2,0
DA:5,0
DA:6,0
DA:7,0
DA:8,0
DA:11,0
DA:14,0
DA:17,0
DA:20,0
DA:23,0
LF:10
LH:0
BRF:0
BRH:0
end_of_record
TN:
SF:src/keys.ts
FNF:0
FNH:0
DA:6,0
DA:7,0
DA:8,0
LF:3
LH:0
BRF:0
BRH:0
end_of_record
TN:
SF:src/config/index.ts
FNF:0
FNH:0
DA:2,2
DA:5,2
DA:9,2
DA:12,2
DA:15,2
DA:19,2
DA:26,2
DA:29,2
DA:61,2
LF:9
LH:9
BRF:0
BRH:0
end_of_record
TN:
SF:src/core/accounts.ts
FN:17,(anonymous_0)
FN:25,(anonymous_1)
FN:37,(anonymous_2)
FN:52,(anonymous_3)
FN:58,(anonymous_4)
FN:73,(anonymous_5)
FN:93,(anonymous_6)
FN:100,(anonymous_7)
FN:115,(anonymous_8)
FN:136,(anonymous_9)
FN:142,(anonymous_10)
FN:170,(anonymous_11)
FN:187,(anonymous_12)
FN:201,(anonymous_13)
FNF:14
FNH:1
FNDA:12,(anonymous_0)
FNDA:0,(anonymous_1)
FNDA:0,(anonymous_2)
FNDA:0,(anonymous_3)
FNDA:0,(anonymous_4)
FNDA:0,(anonymous_5)
FNDA:0,(anonymous_6)
FNDA:0,(anonymous_7)
FNDA:0,(anonymous_8)
FNDA:0,(anonymous_9)
FNDA:0,(anonymous_10)
FNDA:0,(anonymous_11)
FNDA:0,(anonymous_12)
FNDA:0,(anonymous_13)
DA:2,1
DA:8,1
DA:13,1
DA:18,12
DA:19,12
DA:26,0
DA:27,0
DA:32,0
DA:33,0
DA:37,0
DA:38,0
DA:40,0
DA:53,0
DA:54,0
DA:58,0
DA:59,0
DA:61,0
DA:74,0
DA:75,0
DA:79,0
DA:81,0
DA:97,0
DA:98,0
DA:99,0
DA:100,0
DA:103,0
DA:122,0
DA:123,0
DA:128,0
DA:129,0
DA:135,0
DA:137,0
DA:141,0
DA:143,0
DA:147,0
DA:155,0
DA:156,0
DA:158,0
DA:171,0
DA:172,0
DA:173,0
DA:176,0
DA:177,0
DA:180,0
DA:190,0
DA:191,0
DA:196,0
DA:197,0
DA:201,0
DA:203,0
LF:50
LH:5
BRDA:26,0,0,0
BRDA:38,1,0,0
BRDA:38,1,1,0
BRDA:42,2,0,0
BRDA:42,2,1,0
BRDA:59,3,0,0
BRDA:59,3,1,0
BRDA:63,4,0,0
BRDA:63,4,1,0
BRDA:79,5,0,0
BRDA:79,5,1,0
BRDA:83,6,0,0
BRDA:83,6,1,0
BRDA:100,7,0,0
BRDA:100,7,1,0
BRDA:105,8,0,0
BRDA:105,8,1,0
BRDA:128,9,0,0
BRDA:137,10,0,0
BRDA:137,10,1,0
BRDA:143,11,0,0
BRDA:143,11,1,0
BRDA:155,12,0,0
BRDA:160,13,0,0
BRDA:160,13,1,0
BRDA:176,14,0,0
BRDA:190,15,0,0
BRDA:205,16,0,0
BRDA:205,16,1,0
BRF:29
BRH:0
end_of_record
TN:
SF:src/core/http.ts
FN:11,(anonymous_0)
FN:24,(anonymous_1)
FN:34,(anonymous_2)
FN:45,(anonymous_3)
FN:56,(anonymous_4)
FN:66,(anonymous_5)
FN:133,(anonymous_6)
FN:140,(anonymous_7)
FNF:8
FNH:0
FNDA:0,(anonymous_0)
FNDA:0,(anonymous_1)
FNDA:0,(anonymous_2)
FNDA:0,(anonymous_3)
FNDA:0,(anonymous_4)
FNDA:0,(anonymous_5)
FNDA:0,(anonymous_6)
FNDA:0,(anonymous_7)
DA:1,1
DA:6,1
DA:12,0
DA:13,0
DA:14,0
DA:28,0
DA:39,0
DA:50,0
DA:60,0
DA:72,0
DA:74,0
DA:79,0
DA:84,0
DA:85,0
DA:88,0
DA:89,0
DA:93,0
DA:95,0
DA:96,0
DA:98,0
DA:101,0
DA:102,0
DA:105,0
DA:107,0
DA:108,0
DA:112,0
DA:113,0
DA:121,0
DA:134,0
DA:141,0
LF:30
LH:2
BRDA:84,0,0,0
BRDA:84,1,0,0
BRDA:84,1,1,0
BRDA:84,1,2,0
BRDA:95,2,0,0
BRDA:95,2,1,0
BRDA:101,3,0,0
BRDA:107,4,0,0
BRDA:112,5,0,0
BRDA:112,6,0,0
BRDA:112,6,1,0
BRDA:123,7,0,0
BRDA:123,7,1,0
BRF:13
BRH:0
end_of_record
TN:
SF:src/core/markets.ts
FN:18,(anonymous_0)
FN:26,(anonymous_1)
FN:32,(anonymous_2)
FN:46,(anonymous_3)
FN:52,(anonymous_4)
FN:74,(anonymous_5)
FN:91,(anonymous_6)
FN:108,(anonymous_7)
FN:142,(anonymous_8)
FN:179,(anonymous_9)
FN:182,(anonymous_10)
FNF:11
FNH:1
FNDA:12,(anonymous_0)
FNDA:0,(anonymous_1)
FNDA:0,(anonymous_2)
FNDA:0,(anonymous_3)
FNDA:0,(anonymous_4)
FNDA:0,(anonymous_5)
FNDA:0,(anonymous_6)
FNDA:0,(anonymous_7)
FNDA:0,(anonymous_8)
FNDA:0,(anonymous_9)
FNDA:0,(anonymous_10)
DA:2,1
DA:14,1
DA:19,12
DA:20,12
DA:27,0
DA:28,0
DA:32,0
DA:33,0
DA:34,0
DA:40,0
DA:43,0
DA:44,0
DA:45,0
DA:47,0
DA:50,0
DA:51,0
DA:52,0
DA:57,0
DA:59,0
DA:60,0
DA:62,0
DA:75,0
DA:76,0
DA:77,0
DA:79,0
DA:92,0
DA:93,0
DA:94,0
DA:96,0
DA:111,0
DA:113,0
DA:114,0
DA:123,0
DA:125,0
DA:143,0
DA:144,0
DA:145,0
DA:146,0
DA:150,0
DA:164,0
DA:165,0
DA:167,0
DA:180,0
DA:181,0
DA:182,0
DA:184,0
LF:46
LH:4
BRDA:33,0,0,0
BRDA:43,1,0,0
BRDA:44,2,0,0
BRDA:50,3,0,0
BRDA:59,4,0,0
BRDA:64,5,0,0
BRDA:64,5,1,0
BRDA:77,6,0,0
BRDA:77,6,1,0
BRDA:81,7,0,0
BRDA:81,7,1,0
BRDA:94,8,0,0
BRDA:94,8,1,0
BRDA:98,9,0,0
BRDA:98,9,1,0
BRDA:127,10,0,0
BRDA:127,10,1,0
BRDA:145,11,0,0
BRDA:164,12,0,0
BRDA:169,13,0,0
BRDA:169,13,1,0
BRDA:186,14,0,0
BRDA:186,14,1,0
BRF:23
BRH:0
end_of_record
TN:
SF:src/core/orders.ts
FN:22,(anonymous_0)
FN:35,(anonymous_1)
FN:129,(anonymous_2)
FN:148,(anonymous_3)
FN:250,(anonymous_4)
FN:271,(anonymous_5)
FN:292,(anonymous_6)
FNF:7
FNH:1
FNDA:12,(anonymous_0)
FNDA:0,(anonymous_1)
FNDA:0,(anonymous_2)
FNDA:0,(anonymous_3)
FNDA:0,(anonymous_4)
FNDA:0,(anonymous_5)
FNDA:0,(anonymous_6)
DA:1,1
DA:3,1
DA:6,1
DA:17,1
DA:27,12
DA:28,12
DA:29,12
DA:39,0
DA:40,0
DA:45,0
DA:60,0
DA:63,0
DA:72,0
DA:90,0
DA:107,0
DA:110,0
DA:117,0
DA:133,0
DA:134,0
DA:136,0
DA:156,0
DA:157,0
DA:162,0
DA:163,0
DA:174,0
DA:176,0
DA:178,0
DA:179,0
DA:182,0
DA:189,0
DA:208,0
DA:211,0
DA:229,0
DA:231,0
DA:236,0
DA:238,0
DA:259,0
DA:280,0
DA:297,0
LF:39
LH:7
BRDA:39,0,0,0
BRDA:119,1,0,0
BRDA:119,1,1,0
BRDA:138,2,0,0
BRDA:138,2,1,0
BRDA:153,3,0,0
BRDA:156,4,0,0
BRDA:162,5,0,0
BRDA:173,6,0,0
BRDA:179,7,0,0
BRDA:192,8,0,0
BRDA:192,8,1,0
BRDA:231,9,0,0
BRDA:232,10,0,0
BRDA:232,10,1,0
BRDA:232,10,2,0
BRDA:240,11,0,0
BRDA:240,11,1,0
BRDA:257,12,0,0
BRDA:278,13,0,0
BRF:20
BRH:0
end_of_record
TN:
SF:src/core/sdk.ts
FN:23,(anonymous_0)
FN:44,(anonymous_1)
FN:83,(anonymous_2)
FN:90,(anonymous_3)
FN:97,(anonymous_4)
FN:104,(anonymous_5)
FN:116,(anonymous_6)
FN:210,(anonymous_7)
FN:231,(anonymous_8)
FNF:9
FNH:8
FNDA:13,(anonymous_0)
FNDA:12,(anonymous_1)
FNDA:1,(anonymous_2)
FNDA:3,(anonymous_3)
FNDA:1,(anonymous_4)
FNDA:2,(anonymous_5)
FNDA:0,(anonymous_6)
FNDA:2,(anonymous_7)
FNDA:2,(anonymous_8)
DA:1,1
DA:2,1
DA:3,1
DA:4,1
DA:5,1
DA:6,1
DA:7,1
DA:12,1
DA:25,13
DA:26,1
DA:32,12
DA:43,12
DA:44,12
DA:47,12
DA:48,11
DA:51,1
DA:61,12
DA:65,12
DA:71,12
DA:72,12
DA:73,12
DA:84,1
DA:91,3
DA:98,1
DA:105,2
DA:106,1
DA:109,1
DA:110,1
DA:128,0
DA:129,0
DA:134,0
DA:136,0
DA:137,0
DA:138,0
DA:145,0
DA:146,0
DA:147,0
DA:154,0
DA:161,0
DA:162,0
DA:169,0
DA:170,0
DA:171,0
DA:178,0
DA:190,0
DA:195,0
DA:196,0
DA:198,0
DA:211,2
DA:212,1
DA:217,1
DA:218,1
DA:219,0
DA:225,1
DA:232,2
DA:233,1
DA:234,1
DA:235,0
DA:237,1
DA:240,1
LF:60
LH:38
BRDA:25,0,0,1
BRDA:33,1,0,12
BRDA:33,1,1,1
BRDA:34,2,0,12
BRDA:34,2,1,11
BRDA:36,3,0,12
BRDA:36,3,1,12
BRDA:37,4,0,12
BRDA:37,4,1,12
BRDA:38,5,0,12
BRDA:38,5,1,11
BRDA:47,6,0,11
BRDA:47,6,1,1
BRDA:105,7,0,1
BRDA:128,8,0,0
BRDA:137,9,0,0
BRDA:146,10,0,0
BRDA:157,11,0,0
BRDA:157,11,1,0
BRDA:161,12,0,0
BRDA:163,13,0,0
BRDA:163,13,1,0
BRDA:170,14,0,0
BRDA:170,14,1,0
BRDA:195,15,0,0
BRDA:200,16,0,0
BRDA:200,16,1,0
BRDA:211,17,0,1
BRDA:218,18,0,0
BRDA:232,19,0,1
BRDA:234,20,0,0
BRF:31
BRH:16
end_of_record
TN:
SF:src/errors/index.ts
FN:8,(anonymous_0)
FN:23,(anonymous_1)
FN:40,(anonymous_2)
FN:50,(anonymous_3)
FN:60,(anonymous_4)
FN:70,(anonymous_5)
FN:80,(anonymous_6)
FN:90,(anonymous_7)
FN:100,(anonymous_8)
FN:109,createAPIError
FN:128,isPolynomialSDKError
FN:137,isAPIError
FNF:12
FNH:3
FNDA:3,(anonymous_0)
FNDA:0,(anonymous_1)
FNDA:1,(anonymous_2)
FNDA:2,(anonymous_3)
FNDA:0,(anonymous_4)
FNDA:0,(anonymous_5)
FNDA:0,(anonymous_6)
FNDA:0,(anonymous_7)
FNDA:0,(anonymous_8)
FNDA:0,createAPIError
FNDA:0,isPolynomialSDKError
FNDA:0,isAPIError
DA:4,2
DA:9,3
DA:10,3
DA:11,3
DA:12,3
DA:19,2
DA:29,0
DA:30,0
DA:31,0
DA:32,0
DA:39,2
DA:41,1
DA:42,1
DA:49,2
DA:51,2
DA:52,2
DA:59,2
DA:61,0
DA:62,0
DA:69,2
DA:71,0
DA:72,0
DA:79,2
DA:81,0
DA:82,0
DA:89,2
DA:91,0
DA:92,0
DA:99,2
DA:101,0
DA:102,0
DA:109,2
DA:114,0
DA:119,0
DA:128,2
DA:131,0
DA:137,2
DA:138,0
LF:38
LH:20
BRDA:114,0,0,0
BRDA:114,0,1,0
BRDA:114,0,2,0
BRDA:114,0,3,0
BRF:4
BRH:0
end_of_record
TN:
SF:src/utils/index.ts
FN:10,getWeekFromNowTimestamp
FN:22,parseUnits
FN:38,formatUnits
FN:55,calculateAcceptablePrice
FN:75,formatPrice
FN:93,calculatePositionValue
FN:110,isValidAddress
FN:120,isValidPrivateKey
FN:129,generateNonce
FN:139,percentageToBasisPoints
FN:149,basisPointsToPercentage
FNF:11
FNH:11
FNDA:2,getWeekFromNowTimestamp
FNDA:4,parseUnits
FNDA:10,formatUnits
FNDA:2,calculateAcceptablePrice
FNDA:3,formatPrice
FNDA:2,calculatePositionValue
FNDA:8,isValidAddress
FNDA:4,isValidPrivateKey
FNDA:3,generateNonce
FNDA:4,percentageToBasisPoints
FNDA:4,basisPointsToPercentage
DA:1,2
DA:2,2
DA:10,2
DA:11,2
DA:12,2
DA:22,2
DA:26,4
DA:27,4
DA:28,4
DA:38,2
DA:42,10
DA:43,10
DA:44,10
DA:55,2
DA:60,2
DA:64,2
DA:75,2
DA:80,3
DA:81,3
DA:82,3
DA:93,2
DA:98,2
DA:99,2
DA:101,2
DA:110,2
DA:111,8
DA:120,2
DA:121,4
DA:129,2
DA:130,3
DA:139,2
DA:140,4
DA:149,2
DA:150,4
LF:34
LH:34
BRDA:24,0,0,3
BRDA:40,1,0,2
BRDA:60,2,0,1
BRDA:60,2,1,1
BRDA:77,3,0,2
BRDA:78,4,0,2
BRDA:80,5,0,1
BRDA:80,5,1,2
BRDA:96,6,0,2
BRF:9
BRH:9
end_of_record
